<?xml version="1.0" encoding="UTF-8"?>
<testsuite xmlns:xsi="http://www.w3.org/2001/XMLSchema-instance" xsi:noNamespaceSchemaLocation="https://maven.apache.org/surefire/maven-surefire-plugin/xsd/surefire-test-report-3.0.xsd" version="3.0" name="example.TestExample" time="10.37" tests="3" errors="0" skipped="0" failures="0">
  <properties>
[...]
</properties>
  <testcase name="shouldCheckTheBox" classname="example.TestExample" time="1.018"/>
  <testcase name="shouldClickButton" classname="example.TestExample" time="0.815"/>
  <testcase name="shouldSearchWiki" classname="example.TestExample" time="2.456"/>
</testsuite>