<?xml version="1.0" encoding="UTF-8"?>
<testsuite xmlns:xsi="http://www.w3.org/2001/XMLSchema-instance" xsi:noNamespaceSchemaLocation="https://maven.apache.org/surefire/maven-surefire-plugin/xsd/surefire-test-report-3.0.xsd" version="3.0" name="example.TestExample" time="9.08" tests="2" errors="0" skipped="0" failures="1">
  <properties>
[...]
</properties>
  <testcase name="shouldSearchWikiFail" classname="example.TestExample" time="1.427">
    <failure message="expected: &lt;https://en.wikipedia.org/wiki/NotPlaywright&gt; but was: &lt;https://en.wikipedia.org/wiki/Playwright&gt;" type="org.opentest4j.AssertionFailedError"><![CDATA[org.opentest4j.AssertionFailedError: expected: <https://en.wikipedia.org/wiki/NotPlaywright> but was: <https://en.wikipedia.org/wiki/Playwright>
	at org.junit.jupiter.api.AssertionFailureBuilder.build(AssertionFailureBuilder.java:151)
	at org.junit.jupiter.api.AssertionFailureBuilder.buildAndThrow(AssertionFailureBuilder.java:132)
	at org.junit.jupiter.api.AssertEquals.failNotEqual(AssertEquals.java:197)
	at org.junit.jupiter.api.AssertEquals.assertEquals(AssertEquals.java:182)
	at org.junit.jupiter.api.AssertEquals.assertEquals(AssertEquals.java:177)
	at org.junit.jupiter.api.Assertions.assertEquals(Assertions.java:1145)
	at example.TestExample.shouldSearchWikiFail(TestExample.java:44)
	at java.base/java.lang.reflect.Method.invoke(Method.java:580)
	at java.base/java.util.ArrayList.forEach(ArrayList.java:1596)
	at java.base/java.util.ArrayList.forEach(ArrayList.java:1596)
]]></failure>
    <system-err><![CDATA[Feb 05, 2024 10:14:45 PM example.extensions.TimingExtension afterTestExecution
INFO: Method [shouldSearchWikiFail] took 1094 ms.
]]></system-err>
  </testcase>
  <testcase name="shouldSearchWiki" classname="example.TestExample" time="1.335">
    <system-err><![CDATA[Feb 05, 2024 10:14:46 PM example.extensions.TimingExtension afterTestExecution
INFO: Method [shouldSearchWiki] took 1176 ms.
]]></system-err>
  </testcase>
</testsuite>